<?xml version="1.0" encoding="UTF-8"?>
<!-- Generated by org.testng.reporters.JUnitReportReporter -->
<testsuite hostname="NTB-11974" name="com.example.tests.GroupModificationTests" tests="1" failures="0" timestamp="21 Sep 2015 11:13:39 GMT" time="1.273" errors="0">
  <testcase name="modifySomeGroup" time="1.273" classname="com.example.tests.GroupModificationTests"/>
</testsuite> <!-- com.example.tests.GroupModificationTests -->
