<?xml version="1.0" encoding="UTF-8"?>
<!-- Generated by org.testng.reporters.JUnitReportReporter -->
<testsuite hostname="NTB-11974" name="com.example.tests.GroupRemovalTests" tests="1" failures="0" timestamp="21 Sep 2015 11:13:51 GMT" time="1.116" errors="0">
  <testcase name="deleteSomeGroup" time="1.116" classname="com.example.tests.GroupRemovalTests"/>
</testsuite> <!-- com.example.tests.GroupRemovalTests -->
