<?xml version="1.0" encoding="UTF-8"?>
<!-- Generated by org.testng.reporters.JUnitReportReporter -->
<testsuite hostname="NTB-11974" name="com.example.tests.ContactCreationTests" tests="2" failures="0" timestamp="19 Sep 2015 15:52:16 GMT" time="3.325" errors="0">
  <testcase name="testNonEmptyContactCreation" time="1.692" classname="com.example.tests.ContactCreationTests"/>
  <testcase name="testEmptyContactCreation" time="1.633" classname="com.example.tests.ContactCreationTests"/>
</testsuite> <!-- com.example.tests.ContactCreationTests -->
