<?xml version="1.0" encoding="UTF-8"?>
<!-- Generated by org.testng.reporters.JUnitReportReporter -->
<testsuite hostname="NTB-11974" name="com.example.tests.GroupCreationTests" tests="2" failures="0" timestamp="21 Sep 2015 11:12:36 GMT" time="2.305" errors="0">
  <testcase name="testEmptyGroupCreation" time="1.253" classname="com.example.tests.GroupCreationTests"/>
  <testcase name="testNonEmptyGroupCreation" time="1.052" classname="com.example.tests.GroupCreationTests"/>
</testsuite> <!-- com.example.tests.GroupCreationTests -->
