<?xml version="1.0" encoding="UTF-8"?>
<!-- Generated by org.testng.reporters.JUnitReportReporter -->
<testsuite hostname="NTB-11974" name="com.example.tests.ContactRemovalTests" tests="1" failures="0" timestamp="22 Sep 2015 15:44:57 GMT" time="0.920" errors="0">
  <testcase name="deleteSomeContact" time="0.920" classname="com.example.tests.ContactRemovalTests"/>
</testsuite> <!-- com.example.tests.ContactRemovalTests -->
