<?xml version="1.0" encoding="UTF-8"?>
<!-- Generated by org.testng.reporters.JUnitReportReporter -->
<testsuite hostname="NTB-11974" name="com.example.tests.ContactRemovalTests" tests="1" failures="0" timestamp="21 Sep 2015 11:43:37 GMT" time="1.052" errors="0">
  <testcase name="deleteSomeContact" time="1.052" classname="com.example.tests.ContactRemovalTests"/>
</testsuite> <!-- com.example.tests.ContactRemovalTests -->
