<?xml version="1.0" encoding="UTF-8"?>
<!-- Generated by org.testng.reporters.JUnitReportReporter -->
<testsuite hostname="NTB-11974" name="com.example.tests.ContactModificationTests" tests="2" failures="0" timestamp="22 Sep 2015 15:45:36 GMT" time="3.667" errors="0">
  <testcase name="modifySomeContact" time="1.485" classname="com.example.tests.ContactModificationTests"/>
  <testcase name="modifySomeContact" time="2.182" classname="com.example.tests.ContactModificationTests"/>
</testsuite> <!-- com.example.tests.ContactModificationTests -->
