<?xml version="1.0" encoding="UTF-8"?>
<!-- Generated by org.testng.reporters.JUnitReportReporter -->
<testsuite hostname="NTB-11974" name="com.example.tests.AlsoGroupCreationTests" tests="2" failures="0" timestamp="19 Sep 2015 15:52:16 GMT" time="2.411" errors="0">
  <testcase name="testNonEmptyGroupCreation" time="1.074" classname="com.example.tests.AlsoGroupCreationTests"/>
  <testcase name="testEmptyGroupCreation" time="1.337" classname="com.example.tests.AlsoGroupCreationTests"/>
</testsuite> <!-- com.example.tests.AlsoGroupCreationTests -->
