<?xml version="1.0" encoding="UTF-8"?>
<!-- Generated by org.testng.reporters.JUnitReportReporter -->
<testsuite hostname="NTB-11974" name="com.example.tests.GroupRemovalTests" tests="1" failures="0" timestamp="22 Sep 2015 08:12:00 GMT" time="1.148" errors="0">
  <testcase name="deleteSomeGroup" time="1.148" classname="com.example.tests.GroupRemovalTests"/>
</testsuite> <!-- com.example.tests.GroupRemovalTests -->
