<?xml version="1.0" encoding="UTF-8"?>
<!-- Generated by org.testng.reporters.JUnitReportReporter -->
<testsuite hostname="NTB-11974" name="com.example.tests.ContactModificationTests" tests="1" failures="0" timestamp="21 Sep 2015 12:25:33 GMT" time="1.049" errors="0">
  <testcase name="modifySomeContact" time="1.049" classname="com.example.tests.ContactModificationTests"/>
</testsuite> <!-- com.example.tests.ContactModificationTests -->
