<?xml version="1.0" encoding="UTF-8"?>
<!-- Generated by org.testng.reporters.JUnitReportReporter -->
<testsuite hostname="NTB-11974" name="com.example.tests.ContactCreationTests" tests="2" failures="0" timestamp="22 Sep 2015 15:44:33 GMT" time="3.903" errors="0">
  <testcase name="testContactCreationWithValidData" time="1.700" classname="com.example.tests.ContactCreationTests"/>
  <testcase name="testContactCreationWithValidData" time="2.203" classname="com.example.tests.ContactCreationTests"/>
</testsuite> <!-- com.example.tests.ContactCreationTests -->
