<?xml version="1.0" encoding="UTF-8"?>
<!-- Generated by org.testng.reporters.JUnitReportReporter -->
<testsuite hostname="NTB-11974" name="com.example.tests.ContactCreationTests" tests="2" failures="0" timestamp="21 Sep 2015 12:18:55 GMT" time="3.360" errors="0">
  <testcase name="testNonEmptyContactCreation" time="1.695" classname="com.example.tests.ContactCreationTests"/>
  <testcase name="testEmptyContactCreation" time="1.665" classname="com.example.tests.ContactCreationTests"/>
</testsuite> <!-- com.example.tests.ContactCreationTests -->
