<?xml version="1.0" encoding="UTF-8"?>
<!-- Generated by org.testng.reporters.JUnitReportReporter -->
<testsuite hostname="NTB-11974" name="com.example.tests.ContactCreationTests" tests="2" failures="0" timestamp="21 Sep 2015 11:12:24 GMT" time="3.944" errors="0">
  <testcase name="testNonEmptyContactCreation" time="1.952" classname="com.example.tests.ContactCreationTests"/>
  <testcase name="testEmptyContactCreation" time="1.992" classname="com.example.tests.ContactCreationTests"/>
</testsuite> <!-- com.example.tests.ContactCreationTests -->
